<?xml version="1.0" encoding="UTF-8"?>
<testsuite name="ohtu.RunCucumberTest" tests="0" skipped="0" failures="0" errors="0" timestamp="1970-01-01T00:00:00" hostname="DESKTOP-IDLMM8G" time="0.0">
  <properties/>
  <system-out><![CDATA[
There were undefined steps. You can implement missing steps with the snippets below:

@Then("system will respond with {string}\"")
public void systemWillRespondWith(String string) {
    // Write code here that turns the phrase above into concrete actions
    throw new cucumber.api.PendingException();
}

]]></system-out>
  <system-err><![CDATA[]]></system-err>
</testsuite>
