<?xml version="1.0" encoding="UTF-8"?>
<testsuite name="ohtuesimerkki.StatisticsTest" tests="4" skipped="0" failures="0" errors="0" timestamp="2020-03-10T18:52:34" hostname="DESKTOP-IDLMM8G" time="0.003">
  <properties/>
  <testcase name="pelaajaLoytyy" classname="ohtuesimerkki.StatisticsTest" time="0.003"/>
  <testcase name="topScoreHakuPalauttaaOikein" classname="ohtuesimerkki.StatisticsTest" time="0.0"/>
  <testcase name="pelaajaaEiLoydy" classname="ohtuesimerkki.StatisticsTest" time="0.0"/>
  <testcase name="tiimihakuPalauttaaOikein" classname="ohtuesimerkki.StatisticsTest" time="0.0"/>
  <system-out><![CDATA[]]></system-out>
  <system-err><![CDATA[]]></system-err>
</testsuite>
